[2026-01-07T22:40:21.482Z] ========== ORDER IMPORT STARTED (Job 55) ==========
[2026-01-07T22:40:22.004Z] ❌ FAILED to import invoice INV-0008 (c111b12f-82fc-4bf0-9bc5-46305e9d9a8c)
[2026-01-07T22:40:22.006Z]    Error message: Failed query: select "id", "workspace_id", "customer_id", "order_number", "order_date", "status", "delivery_date", "delivery_run_id", "currency", "subtotal_ex_vat", "discount_type", "discount_value", "discount_amount", "shipping_ex_vat", "shipping_vat_rate", "shipping_vat_amount", "vat_total", "total_inc_vat", "total_amount", "xero_invoice_id", "xero_invoice_number", "xero_exported_at", "last_xero_sync_at", "sync_status", "last_sync_error", "notes", "is_sample", "created_at", "updated_at" from "crm_orders" where ("crm_orders"."xero_invoice_id" = $1 and "crm_orders"."workspace_id" = $2)
params: c111b12f-82fc-4bf0-9bc5-46305e9d9a8c,0a9ea70d9774a1564b410073a4a47ba6
[2026-01-07T22:40:22.008Z]    Stack: Error: Failed query: select "id", "workspace_id", "customer_id", "order_number", "order_date", "status", "delivery_date", "delivery_run_id", "currency", "subtotal_ex_vat", "discount_type", "discount_value", "discount_amount", "shipping_ex_vat", "shipping_vat_rate", "shipping_vat_amount", "vat_total", "total_inc_vat", "total_amount", "xero_invoice_id", "xero_invoice_number", "xero_exported_at", "last_xero_sync_at", "sync_status", "last_sync_error", "notes", "is_sample", "created_at", "updated_at" from "crm_orders" where ("crm_orders"."xero_invoice_id" = $1 and "crm_orders"."workspace_id" = $2)
params: c111b12f-82fc-4bf0-9bc5-46305e9d9a8c,0a9ea70d9774a1564b410073a4a47ba6
    at PostgresJsPreparedQuery.queryWithCache (C:\Users\Phil Waite\Documents\GitHub\wyshbone-ui\node_modules\src\pg-core\session.ts:73:11)
    at process.processTicksAndRejections (node:internal/process/task_queues:103:5)
    at async <anonymous> (C:\Users\Phil Waite\Documents\GitHub\wyshbone-ui\node_modules\src\postgres-js\session.ts:58:17)
    at async DbStorage.getOrderByXeroInvoiceId (C:\Users\Phil Waite\Documents\GitHub\wyshbone-ui\server\storage.ts:2243:21)
    at async importOrdersFromXero (C:\Users\Phil Waite\Documents\GitHub\wyshbone-ui\server\routes\xero-oauth.ts:1261:28)
[2026-01-07T22:40:22.013Z]    Invoice data: {"Type":"ACCREC","InvoiceID":"c111b12f-82fc-4bf0-9bc5-46305e9d9a8c","InvoiceNumber":"INV-0008","Reference":"","Payments":[],"CreditNotes":[],"Prepayments":[],"Overpayments":[],"AmountDue":1000,"AmountPaid":0,"AmountCredited":0,"SentToContact":true,"CurrencyRate":1,"IsDiscounted":false,"HasAttachments":false,"InvoiceAddresses":[],"HasErrors":false,"InvoicePaymentServices":[],"Contact":{"ContactID":"54e508c4-b16b-4f2a-b2fe-891a74c70352","Name":"Wantsum Brewery","Addresses":[],"Phones":[],"ContactG
[2026-01-07T22:40:22.074Z] ❌ FAILED to import invoice INV-0002 (b1d63cdf-fcee-4179-ac8b-f0d340b16948)
[2026-01-07T22:40:22.075Z]    Error message: Failed query: select "id", "workspace_id", "customer_id", "order_number", "order_date", "status", "delivery_date", "delivery_run_id", "currency", "subtotal_ex_vat", "discount_type", "discount_value", "discount_amount", "shipping_ex_vat", "shipping_vat_rate", "shipping_vat_amount", "vat_total", "total_inc_vat", "total_amount", "xero_invoice_id", "xero_invoice_number", "xero_exported_at", "last_xero_sync_at", "sync_status", "last_sync_error", "notes", "is_sample", "created_at", "updated_at" from "crm_orders" where ("crm_orders"."xero_invoice_id" = $1 and "crm_orders"."workspace_id" = $2)
params: b1d63cdf-fcee-4179-ac8b-f0d340b16948,0a9ea70d9774a1564b410073a4a47ba6
[2026-01-07T22:40:22.076Z]    Stack: Error: Failed query: select "id", "workspace_id", "customer_id", "order_number", "order_date", "status", "delivery_date", "delivery_run_id", "currency", "subtotal_ex_vat", "discount_type", "discount_value", "discount_amount", "shipping_ex_vat", "shipping_vat_rate", "shipping_vat_amount", "vat_total", "total_inc_vat", "total_amount", "xero_invoice_id", "xero_invoice_number", "xero_exported_at", "last_xero_sync_at", "sync_status", "last_sync_error", "notes", "is_sample", "created_at", "updated_at" from "crm_orders" where ("crm_orders"."xero_invoice_id" = $1 and "crm_orders"."workspace_id" = $2)
params: b1d63cdf-fcee-4179-ac8b-f0d340b16948,0a9ea70d9774a1564b410073a4a47ba6
    at PostgresJsPreparedQuery.queryWithCache (C:\Users\Phil Waite\Documents\GitHub\wyshbone-ui\node_modules\src\pg-core\session.ts:73:11)
    at process.processTicksAndRejections (node:internal/process/task_queues:103:5)
    at async <anonymous> (C:\Users\Phil Waite\Documents\GitHub\wyshbone-ui\node_modules\src\postgres-js\session.ts:58:17)
    at async DbStorage.getOrderByXeroInvoiceId (C:\Users\Phil Waite\Documents\GitHub\wyshbone-ui\server\storage.ts:2243:21)
    at async importOrdersFromXero (C:\Users\Phil Waite\Documents\GitHub\wyshbone-ui\server\routes\xero-oauth.ts:1261:28)
[2026-01-07T22:40:22.078Z]    Invoice data: {"Type":"ACCREC","InvoiceID":"b1d63cdf-fcee-4179-ac8b-f0d340b16948","InvoiceNumber":"INV-0002","Reference":"","Payments":[],"CreditNotes":[],"Prepayments":[],"Overpayments":[],"AmountDue":1000,"AmountPaid":0,"AmountCredited":0,"SentToContact":true,"CurrencyRate":1,"IsDiscounted":false,"HasAttachments":false,"InvoiceAddresses":[],"HasErrors":false,"InvoicePaymentServices":[],"Contact":{"ContactID":"54e508c4-b16b-4f2a-b2fe-891a74c70352","Name":"Wantsum Brewery","Addresses":[],"Phones":[],"ContactG
[2026-01-07T22:40:22.100Z] ❌ FAILED to import invoice INV-0003 (3c14f349-be15-4dbd-b395-c92442e69165)
[2026-01-07T22:40:22.102Z]    Error message: Failed query: select "id", "workspace_id", "customer_id", "order_number", "order_date", "status", "delivery_date", "delivery_run_id", "currency", "subtotal_ex_vat", "discount_type", "discount_value", "discount_amount", "shipping_ex_vat", "shipping_vat_rate", "shipping_vat_amount", "vat_total", "total_inc_vat", "total_amount", "xero_invoice_id", "xero_invoice_number", "xero_exported_at", "last_xero_sync_at", "sync_status", "last_sync_error", "notes", "is_sample", "created_at", "updated_at" from "crm_orders" where ("crm_orders"."xero_invoice_id" = $1 and "crm_orders"."workspace_id" = $2)
params: 3c14f349-be15-4dbd-b395-c92442e69165,0a9ea70d9774a1564b410073a4a47ba6
[2026-01-07T22:40:22.103Z]    Stack: Error: Failed query: select "id", "workspace_id", "customer_id", "order_number", "order_date", "status", "delivery_date", "delivery_run_id", "currency", "subtotal_ex_vat", "discount_type", "discount_value", "discount_amount", "shipping_ex_vat", "shipping_vat_rate", "shipping_vat_amount", "vat_total", "total_inc_vat", "total_amount", "xero_invoice_id", "xero_invoice_number", "xero_exported_at", "last_xero_sync_at", "sync_status", "last_sync_error", "notes", "is_sample", "created_at", "updated_at" from "crm_orders" where ("crm_orders"."xero_invoice_id" = $1 and "crm_orders"."workspace_id" = $2)
params: 3c14f349-be15-4dbd-b395-c92442e69165,0a9ea70d9774a1564b410073a4a47ba6
    at PostgresJsPreparedQuery.queryWithCache (C:\Users\Phil Waite\Documents\GitHub\wyshbone-ui\node_modules\src\pg-core\session.ts:73:11)
    at process.processTicksAndRejections (node:internal/process/task_queues:103:5)
    at async <anonymous> (C:\Users\Phil Waite\Documents\GitHub\wyshbone-ui\node_modules\src\postgres-js\session.ts:58:17)
    at async DbStorage.getOrderByXeroInvoiceId (C:\Users\Phil Waite\Documents\GitHub\wyshbone-ui\server\storage.ts:2243:21)
    at async importOrdersFromXero (C:\Users\Phil Waite\Documents\GitHub\wyshbone-ui\server\routes\xero-oauth.ts:1261:28)
[2026-01-07T22:40:22.105Z]    Invoice data: {"Type":"ACCREC","InvoiceID":"3c14f349-be15-4dbd-b395-c92442e69165","InvoiceNumber":"INV-0003","Reference":"","Payments":[],"CreditNotes":[],"Prepayments":[],"Overpayments":[],"AmountDue":550,"AmountPaid":0,"AmountCredited":0,"SentToContact":true,"CurrencyRate":1,"IsDiscounted":false,"HasAttachments":false,"InvoiceAddresses":[],"HasErrors":false,"InvoicePaymentServices":[],"Contact":{"ContactID":"806a8713-8174-4d71-a98f-4d4b2243cd9e","Name":"Broadtown Brewery","Addresses":[],"Phones":[],"Contact
[2026-01-07T22:40:22.157Z] ❌ FAILED to import invoice INV-0004 (cbe537b9-be2c-4793-a6ff-5b1aebc33eaf)
[2026-01-07T22:40:22.158Z]    Error message: Failed query: select "id", "workspace_id", "customer_id", "order_number", "order_date", "status", "delivery_date", "delivery_run_id", "currency", "subtotal_ex_vat", "discount_type", "discount_value", "discount_amount", "shipping_ex_vat", "shipping_vat_rate", "shipping_vat_amount", "vat_total", "total_inc_vat", "total_amount", "xero_invoice_id", "xero_invoice_number", "xero_exported_at", "last_xero_sync_at", "sync_status", "last_sync_error", "notes", "is_sample", "created_at", "updated_at" from "crm_orders" where ("crm_orders"."xero_invoice_id" = $1 and "crm_orders"."workspace_id" = $2)
params: cbe537b9-be2c-4793-a6ff-5b1aebc33eaf,0a9ea70d9774a1564b410073a4a47ba6
[2026-01-07T22:40:22.160Z]    Stack: Error: Failed query: select "id", "workspace_id", "customer_id", "order_number", "order_date", "status", "delivery_date", "delivery_run_id", "currency", "subtotal_ex_vat", "discount_type", "discount_value", "discount_amount", "shipping_ex_vat", "shipping_vat_rate", "shipping_vat_amount", "vat_total", "total_inc_vat", "total_amount", "xero_invoice_id", "xero_invoice_number", "xero_exported_at", "last_xero_sync_at", "sync_status", "last_sync_error", "notes", "is_sample", "created_at", "updated_at" from "crm_orders" where ("crm_orders"."xero_invoice_id" = $1 and "crm_orders"."workspace_id" = $2)
params: cbe537b9-be2c-4793-a6ff-5b1aebc33eaf,0a9ea70d9774a1564b410073a4a47ba6
    at PostgresJsPreparedQuery.queryWithCache (C:\Users\Phil Waite\Documents\GitHub\wyshbone-ui\node_modules\src\pg-core\session.ts:73:11)
    at process.processTicksAndRejections (node:internal/process/task_queues:103:5)
    at async <anonymous> (C:\Users\Phil Waite\Documents\GitHub\wyshbone-ui\node_modules\src\postgres-js\session.ts:58:17)
    at async DbStorage.getOrderByXeroInvoiceId (C:\Users\Phil Waite\Documents\GitHub\wyshbone-ui\server\storage.ts:2243:21)
    at async importOrdersFromXero (C:\Users\Phil Waite\Documents\GitHub\wyshbone-ui\server\routes\xero-oauth.ts:1261:28)
[2026-01-07T22:40:22.161Z]    Invoice data: {"Type":"ACCREC","InvoiceID":"cbe537b9-be2c-4793-a6ff-5b1aebc33eaf","InvoiceNumber":"INV-0004","Reference":"","Payments":[],"CreditNotes":[],"Prepayments":[],"Overpayments":[],"AmountDue":1000,"AmountPaid":0,"AmountCredited":0,"CurrencyRate":1,"IsDiscounted":false,"HasAttachments":false,"InvoiceAddresses":[],"HasErrors":false,"InvoicePaymentServices":[],"Contact":{"ContactID":"54e508c4-b16b-4f2a-b2fe-891a74c70352","Name":"Wantsum Brewery","Addresses":[],"Phones":[],"ContactGroups":[],"ContactPer
[2026-01-07T22:40:22.179Z] ❌ FAILED to import invoice INV-0005 (708d1a48-24ed-489b-9a6a-c2f1cc027ba5)
[2026-01-07T22:40:22.181Z]    Error message: Failed query: select "id", "workspace_id", "customer_id", "order_number", "order_date", "status", "delivery_date", "delivery_run_id", "currency", "subtotal_ex_vat", "discount_type", "discount_value", "discount_amount", "shipping_ex_vat", "shipping_vat_rate", "shipping_vat_amount", "vat_total", "total_inc_vat", "total_amount", "xero_invoice_id", "xero_invoice_number", "xero_exported_at", "last_xero_sync_at", "sync_status", "last_sync_error", "notes", "is_sample", "created_at", "updated_at" from "crm_orders" where ("crm_orders"."xero_invoice_id" = $1 and "crm_orders"."workspace_id" = $2)
params: 708d1a48-24ed-489b-9a6a-c2f1cc027ba5,0a9ea70d9774a1564b410073a4a47ba6
[2026-01-07T22:40:22.183Z]    Stack: Error: Failed query: select "id", "workspace_id", "customer_id", "order_number", "order_date", "status", "delivery_date", "delivery_run_id", "currency", "subtotal_ex_vat", "discount_type", "discount_value", "discount_amount", "shipping_ex_vat", "shipping_vat_rate", "shipping_vat_amount", "vat_total", "total_inc_vat", "total_amount", "xero_invoice_id", "xero_invoice_number", "xero_exported_at", "last_xero_sync_at", "sync_status", "last_sync_error", "notes", "is_sample", "created_at", "updated_at" from "crm_orders" where ("crm_orders"."xero_invoice_id" = $1 and "crm_orders"."workspace_id" = $2)
params: 708d1a48-24ed-489b-9a6a-c2f1cc027ba5,0a9ea70d9774a1564b410073a4a47ba6
    at PostgresJsPreparedQuery.queryWithCache (C:\Users\Phil Waite\Documents\GitHub\wyshbone-ui\node_modules\src\pg-core\session.ts:73:11)
    at process.processTicksAndRejections (node:internal/process/task_queues:103:5)
    at async <anonymous> (C:\Users\Phil Waite\Documents\GitHub\wyshbone-ui\node_modules\src\postgres-js\session.ts:58:17)
    at async DbStorage.getOrderByXeroInvoiceId (C:\Users\Phil Waite\Documents\GitHub\wyshbone-ui\server\storage.ts:2243:21)
    at async importOrdersFromXero (C:\Users\Phil Waite\Documents\GitHub\wyshbone-ui\server\routes\xero-oauth.ts:1261:28)
[2026-01-07T22:40:22.184Z]    Invoice data: {"Type":"ACCREC","InvoiceID":"708d1a48-24ed-489b-9a6a-c2f1cc027ba5","InvoiceNumber":"INV-0005","Reference":"","Payments":[],"CreditNotes":[],"Prepayments":[],"Overpayments":[],"AmountDue":1000,"AmountPaid":0,"AmountCredited":0,"SentToContact":true,"CurrencyRate":1,"IsDiscounted":false,"HasAttachments":false,"InvoiceAddresses":[],"HasErrors":false,"InvoicePaymentServices":[],"Contact":{"ContactID":"54e508c4-b16b-4f2a-b2fe-891a74c70352","Name":"Wantsum Brewery","Addresses":[],"Phones":[],"ContactG
[2026-01-07T22:40:22.203Z] ❌ FAILED to import invoice INV-0006 (7192c184-5311-46eb-be86-b7e7881423c5)
[2026-01-07T22:40:22.204Z]    Error message: Failed query: select "id", "workspace_id", "customer_id", "order_number", "order_date", "status", "delivery_date", "delivery_run_id", "currency", "subtotal_ex_vat", "discount_type", "discount_value", "discount_amount", "shipping_ex_vat", "shipping_vat_rate", "shipping_vat_amount", "vat_total", "total_inc_vat", "total_amount", "xero_invoice_id", "xero_invoice_number", "xero_exported_at", "last_xero_sync_at", "sync_status", "last_sync_error", "notes", "is_sample", "created_at", "updated_at" from "crm_orders" where ("crm_orders"."xero_invoice_id" = $1 and "crm_orders"."workspace_id" = $2)
params: 7192c184-5311-46eb-be86-b7e7881423c5,0a9ea70d9774a1564b410073a4a47ba6
[2026-01-07T22:40:22.205Z]    Stack: Error: Failed query: select "id", "workspace_id", "customer_id", "order_number", "order_date", "status", "delivery_date", "delivery_run_id", "currency", "subtotal_ex_vat", "discount_type", "discount_value", "discount_amount", "shipping_ex_vat", "shipping_vat_rate", "shipping_vat_amount", "vat_total", "total_inc_vat", "total_amount", "xero_invoice_id", "xero_invoice_number", "xero_exported_at", "last_xero_sync_at", "sync_status", "last_sync_error", "notes", "is_sample", "created_at", "updated_at" from "crm_orders" where ("crm_orders"."xero_invoice_id" = $1 and "crm_orders"."workspace_id" = $2)
params: 7192c184-5311-46eb-be86-b7e7881423c5,0a9ea70d9774a1564b410073a4a47ba6
    at PostgresJsPreparedQuery.queryWithCache (C:\Users\Phil Waite\Documents\GitHub\wyshbone-ui\node_modules\src\pg-core\session.ts:73:11)
    at process.processTicksAndRejections (node:internal/process/task_queues:103:5)
    at async <anonymous> (C:\Users\Phil Waite\Documents\GitHub\wyshbone-ui\node_modules\src\postgres-js\session.ts:58:17)
    at async DbStorage.getOrderByXeroInvoiceId (C:\Users\Phil Waite\Documents\GitHub\wyshbone-ui\server\storage.ts:2243:21)
    at async importOrdersFromXero (C:\Users\Phil Waite\Documents\GitHub\wyshbone-ui\server\routes\xero-oauth.ts:1261:28)
[2026-01-07T22:40:22.207Z]    Invoice data: {"Type":"ACCREC","InvoiceID":"7192c184-5311-46eb-be86-b7e7881423c5","InvoiceNumber":"INV-0006","Reference":"","Payments":[],"CreditNotes":[],"Prepayments":[],"Overpayments":[],"AmountDue":250,"AmountPaid":0,"AmountCredited":0,"SentToContact":true,"CurrencyRate":1,"IsDiscounted":false,"HasAttachments":false,"InvoiceAddresses":[],"HasErrors":false,"InvoicePaymentServices":[],"Contact":{"ContactID":"54e508c4-b16b-4f2a-b2fe-891a74c70352","Name":"Wantsum Brewery","Addresses":[],"Phones":[],"ContactGr
[2026-01-07T22:40:22.225Z] ❌ FAILED to import invoice INV-0007 (413fe83d-0fd0-4748-b80f-d23aff1bd4df)
[2026-01-07T22:40:22.227Z]    Error message: Failed query: select "id", "workspace_id", "customer_id", "order_number", "order_date", "status", "delivery_date", "delivery_run_id", "currency", "subtotal_ex_vat", "discount_type", "discount_value", "discount_amount", "shipping_ex_vat", "shipping_vat_rate", "shipping_vat_amount", "vat_total", "total_inc_vat", "total_amount", "xero_invoice_id", "xero_invoice_number", "xero_exported_at", "last_xero_sync_at", "sync_status", "last_sync_error", "notes", "is_sample", "created_at", "updated_at" from "crm_orders" where ("crm_orders"."xero_invoice_id" = $1 and "crm_orders"."workspace_id" = $2)
params: 413fe83d-0fd0-4748-b80f-d23aff1bd4df,0a9ea70d9774a1564b410073a4a47ba6
[2026-01-07T22:40:22.228Z]    Stack: Error: Failed query: select "id", "workspace_id", "customer_id", "order_number", "order_date", "status", "delivery_date", "delivery_run_id", "currency", "subtotal_ex_vat", "discount_type", "discount_value", "discount_amount", "shipping_ex_vat", "shipping_vat_rate", "shipping_vat_amount", "vat_total", "total_inc_vat", "total_amount", "xero_invoice_id", "xero_invoice_number", "xero_exported_at", "last_xero_sync_at", "sync_status", "last_sync_error", "notes", "is_sample", "created_at", "updated_at" from "crm_orders" where ("crm_orders"."xero_invoice_id" = $1 and "crm_orders"."workspace_id" = $2)
params: 413fe83d-0fd0-4748-b80f-d23aff1bd4df,0a9ea70d9774a1564b410073a4a47ba6
    at PostgresJsPreparedQuery.queryWithCache (C:\Users\Phil Waite\Documents\GitHub\wyshbone-ui\node_modules\src\pg-core\session.ts:73:11)
    at process.processTicksAndRejections (node:internal/process/task_queues:103:5)
    at async <anonymous> (C:\Users\Phil Waite\Documents\GitHub\wyshbone-ui\node_modules\src\postgres-js\session.ts:58:17)
    at async DbStorage.getOrderByXeroInvoiceId (C:\Users\Phil Waite\Documents\GitHub\wyshbone-ui\server\storage.ts:2243:21)
    at async importOrdersFromXero (C:\Users\Phil Waite\Documents\GitHub\wyshbone-ui\server\routes\xero-oauth.ts:1261:28)
[2026-01-07T22:40:22.230Z]    Invoice data: {"Type":"ACCREC","InvoiceID":"413fe83d-0fd0-4748-b80f-d23aff1bd4df","InvoiceNumber":"INV-0007","Reference":"","Payments":[],"CreditNotes":[],"Prepayments":[],"Overpayments":[],"AmountDue":250,"AmountPaid":0,"AmountCredited":0,"SentToContact":true,"CurrencyRate":1,"IsDiscounted":false,"HasAttachments":false,"InvoiceAddresses":[],"HasErrors":false,"InvoicePaymentServices":[],"Contact":{"ContactID":"54e508c4-b16b-4f2a-b2fe-891a74c70352","Name":"Wantsum Brewery","Addresses":[],"Phones":[],"ContactGr
[2026-01-07T22:40:22.250Z] ❌ FAILED to import invoice INV-0009 (aa60b096-b0c1-4f2b-8ee2-65de4f37f918)
[2026-01-07T22:40:22.251Z]    Error message: Failed query: select "id", "workspace_id", "customer_id", "order_number", "order_date", "status", "delivery_date", "delivery_run_id", "currency", "subtotal_ex_vat", "discount_type", "discount_value", "discount_amount", "shipping_ex_vat", "shipping_vat_rate", "shipping_vat_amount", "vat_total", "total_inc_vat", "total_amount", "xero_invoice_id", "xero_invoice_number", "xero_exported_at", "last_xero_sync_at", "sync_status", "last_sync_error", "notes", "is_sample", "created_at", "updated_at" from "crm_orders" where ("crm_orders"."xero_invoice_id" = $1 and "crm_orders"."workspace_id" = $2)
params: aa60b096-b0c1-4f2b-8ee2-65de4f37f918,0a9ea70d9774a1564b410073a4a47ba6
[2026-01-07T22:40:22.252Z]    Stack: Error: Failed query: select "id", "workspace_id", "customer_id", "order_number", "order_date", "status", "delivery_date", "delivery_run_id", "currency", "subtotal_ex_vat", "discount_type", "discount_value", "discount_amount", "shipping_ex_vat", "shipping_vat_rate", "shipping_vat_amount", "vat_total", "total_inc_vat", "total_amount", "xero_invoice_id", "xero_invoice_number", "xero_exported_at", "last_xero_sync_at", "sync_status", "last_sync_error", "notes", "is_sample", "created_at", "updated_at" from "crm_orders" where ("crm_orders"."xero_invoice_id" = $1 and "crm_orders"."workspace_id" = $2)
params: aa60b096-b0c1-4f2b-8ee2-65de4f37f918,0a9ea70d9774a1564b410073a4a47ba6
    at PostgresJsPreparedQuery.queryWithCache (C:\Users\Phil Waite\Documents\GitHub\wyshbone-ui\node_modules\src\pg-core\session.ts:73:11)
    at process.processTicksAndRejections (node:internal/process/task_queues:103:5)
    at async <anonymous> (C:\Users\Phil Waite\Documents\GitHub\wyshbone-ui\node_modules\src\postgres-js\session.ts:58:17)
    at async DbStorage.getOrderByXeroInvoiceId (C:\Users\Phil Waite\Documents\GitHub\wyshbone-ui\server\storage.ts:2243:21)
    at async importOrdersFromXero (C:\Users\Phil Waite\Documents\GitHub\wyshbone-ui\server\routes\xero-oauth.ts:1261:28)
[2026-01-07T22:40:22.254Z]    Invoice data: {"Type":"ACCREC","InvoiceID":"aa60b096-b0c1-4f2b-8ee2-65de4f37f918","InvoiceNumber":"INV-0009","Reference":"","Payments":[],"CreditNotes":[],"Prepayments":[],"Overpayments":[],"AmountDue":250,"AmountPaid":0,"AmountCredited":0,"SentToContact":true,"CurrencyRate":1,"IsDiscounted":false,"HasAttachments":false,"InvoiceAddresses":[],"HasErrors":false,"InvoicePaymentServices":[],"Contact":{"ContactID":"54e508c4-b16b-4f2a-b2fe-891a74c70352","Name":"Wantsum Brewery","Addresses":[],"Phones":[],"ContactGr
[2026-01-07T22:40:22.278Z] ❌ FAILED to import invoice INV-0010 (4bba1c35-b1e0-47ed-8a84-eeb39b5f82c5)
[2026-01-07T22:40:22.281Z]    Error message: Failed query: select "id", "workspace_id", "customer_id", "order_number", "order_date", "status", "delivery_date", "delivery_run_id", "currency", "subtotal_ex_vat", "discount_type", "discount_value", "discount_amount", "shipping_ex_vat", "shipping_vat_rate", "shipping_vat_amount", "vat_total", "total_inc_vat", "total_amount", "xero_invoice_id", "xero_invoice_number", "xero_exported_at", "last_xero_sync_at", "sync_status", "last_sync_error", "notes", "is_sample", "created_at", "updated_at" from "crm_orders" where ("crm_orders"."xero_invoice_id" = $1 and "crm_orders"."workspace_id" = $2)
params: 4bba1c35-b1e0-47ed-8a84-eeb39b5f82c5,0a9ea70d9774a1564b410073a4a47ba6
[2026-01-07T22:40:22.283Z]    Stack: Error: Failed query: select "id", "workspace_id", "customer_id", "order_number", "order_date", "status", "delivery_date", "delivery_run_id", "currency", "subtotal_ex_vat", "discount_type", "discount_value", "discount_amount", "shipping_ex_vat", "shipping_vat_rate", "shipping_vat_amount", "vat_total", "total_inc_vat", "total_amount", "xero_invoice_id", "xero_invoice_number", "xero_exported_at", "last_xero_sync_at", "sync_status", "last_sync_error", "notes", "is_sample", "created_at", "updated_at" from "crm_orders" where ("crm_orders"."xero_invoice_id" = $1 and "crm_orders"."workspace_id" = $2)
params: 4bba1c35-b1e0-47ed-8a84-eeb39b5f82c5,0a9ea70d9774a1564b410073a4a47ba6
    at PostgresJsPreparedQuery.queryWithCache (C:\Users\Phil Waite\Documents\GitHub\wyshbone-ui\node_modules\src\pg-core\session.ts:73:11)
    at process.processTicksAndRejections (node:internal/process/task_queues:103:5)
    at async <anonymous> (C:\Users\Phil Waite\Documents\GitHub\wyshbone-ui\node_modules\src\postgres-js\session.ts:58:17)
    at async DbStorage.getOrderByXeroInvoiceId (C:\Users\Phil Waite\Documents\GitHub\wyshbone-ui\server\storage.ts:2243:21)
    at async importOrdersFromXero (C:\Users\Phil Waite\Documents\GitHub\wyshbone-ui\server\routes\xero-oauth.ts:1261:28)
[2026-01-07T22:40:22.285Z]    Invoice data: {"Type":"ACCREC","InvoiceID":"4bba1c35-b1e0-47ed-8a84-eeb39b5f82c5","InvoiceNumber":"INV-0010","Reference":"","Payments":[],"CreditNotes":[],"Prepayments":[],"Overpayments":[],"AmountDue":250,"AmountPaid":0,"AmountCredited":0,"SentToContact":true,"CurrencyRate":1,"IsDiscounted":false,"HasAttachments":false,"InvoiceAddresses":[],"HasErrors":false,"InvoicePaymentServices":[],"Contact":{"ContactID":"54e508c4-b16b-4f2a-b2fe-891a74c70352","Name":"Wantsum Brewery","Addresses":[],"Phones":[],"ContactGr
[2026-01-07T22:40:22.329Z] ✅ COMPLETED: 0 orders imported, 9 failed
[2026-01-07T22:40:22.330Z] ========== ORDER IMPORT FINISHED (Job 55) ==========

[2026-01-07T23:21:58.268Z] ========== ORDER IMPORT STARTED (Job 56) ==========
[2026-01-07T23:21:58.726Z] ❌ FAILED to import invoice INV-0008 (c111b12f-82fc-4bf0-9bc5-46305e9d9a8c)
[2026-01-07T23:21:58.727Z]    Error message: Failed query: select "id", "workspace_id", "customer_id", "order_number", "order_date", "status", "delivery_date", "delivery_run_id", "currency", "subtotal_ex_vat", "discount_type", "discount_value", "discount_amount", "shipping_ex_vat", "shipping_vat_rate", "shipping_vat_amount", "vat_total", "total_inc_vat", "total_amount", "xero_invoice_id", "xero_invoice_number", "xero_exported_at", "last_xero_sync_at", "sync_status", "last_sync_error", "notes", "is_sample", "created_at", "updated_at" from "crm_orders" where ("crm_orders"."xero_invoice_id" = $1 and "crm_orders"."workspace_id" = $2)
params: c111b12f-82fc-4bf0-9bc5-46305e9d9a8c,0a9ea70d9774a1564b410073a4a47ba6
[2026-01-07T23:21:58.729Z]    Stack: Error: Failed query: select "id", "workspace_id", "customer_id", "order_number", "order_date", "status", "delivery_date", "delivery_run_id", "currency", "subtotal_ex_vat", "discount_type", "discount_value", "discount_amount", "shipping_ex_vat", "shipping_vat_rate", "shipping_vat_amount", "vat_total", "total_inc_vat", "total_amount", "xero_invoice_id", "xero_invoice_number", "xero_exported_at", "last_xero_sync_at", "sync_status", "last_sync_error", "notes", "is_sample", "created_at", "updated_at" from "crm_orders" where ("crm_orders"."xero_invoice_id" = $1 and "crm_orders"."workspace_id" = $2)
params: c111b12f-82fc-4bf0-9bc5-46305e9d9a8c,0a9ea70d9774a1564b410073a4a47ba6
    at PostgresJsPreparedQuery.queryWithCache (C:\Users\Phil Waite\Documents\GitHub\wyshbone-ui\node_modules\src\pg-core\session.ts:73:11)
    at process.processTicksAndRejections (node:internal/process/task_queues:103:5)
    at async <anonymous> (C:\Users\Phil Waite\Documents\GitHub\wyshbone-ui\node_modules\src\postgres-js\session.ts:58:17)
    at async DbStorage.getOrderByXeroInvoiceId (C:\Users\Phil Waite\Documents\GitHub\wyshbone-ui\server\storage.ts:2243:21)
    at async importOrdersFromXero (C:\Users\Phil Waite\Documents\GitHub\wyshbone-ui\server\routes\xero-oauth.ts:1261:28)
[2026-01-07T23:21:58.730Z]    Invoice data: {"Type":"ACCREC","InvoiceID":"c111b12f-82fc-4bf0-9bc5-46305e9d9a8c","InvoiceNumber":"INV-0008","Reference":"","Payments":[],"CreditNotes":[],"Prepayments":[],"Overpayments":[],"AmountDue":1000,"AmountPaid":0,"AmountCredited":0,"SentToContact":true,"CurrencyRate":1,"IsDiscounted":false,"HasAttachments":false,"InvoiceAddresses":[],"HasErrors":false,"InvoicePaymentServices":[],"Contact":{"ContactID":"54e508c4-b16b-4f2a-b2fe-891a74c70352","Name":"Wantsum Brewery","Addresses":[],"Phones":[],"ContactG
[2026-01-07T23:21:58.784Z] ❌ FAILED to import invoice INV-0002 (b1d63cdf-fcee-4179-ac8b-f0d340b16948)
[2026-01-07T23:21:58.786Z]    Error message: Failed query: select "id", "workspace_id", "customer_id", "order_number", "order_date", "status", "delivery_date", "delivery_run_id", "currency", "subtotal_ex_vat", "discount_type", "discount_value", "discount_amount", "shipping_ex_vat", "shipping_vat_rate", "shipping_vat_amount", "vat_total", "total_inc_vat", "total_amount", "xero_invoice_id", "xero_invoice_number", "xero_exported_at", "last_xero_sync_at", "sync_status", "last_sync_error", "notes", "is_sample", "created_at", "updated_at" from "crm_orders" where ("crm_orders"."xero_invoice_id" = $1 and "crm_orders"."workspace_id" = $2)
params: b1d63cdf-fcee-4179-ac8b-f0d340b16948,0a9ea70d9774a1564b410073a4a47ba6
[2026-01-07T23:21:58.787Z]    Stack: Error: Failed query: select "id", "workspace_id", "customer_id", "order_number", "order_date", "status", "delivery_date", "delivery_run_id", "currency", "subtotal_ex_vat", "discount_type", "discount_value", "discount_amount", "shipping_ex_vat", "shipping_vat_rate", "shipping_vat_amount", "vat_total", "total_inc_vat", "total_amount", "xero_invoice_id", "xero_invoice_number", "xero_exported_at", "last_xero_sync_at", "sync_status", "last_sync_error", "notes", "is_sample", "created_at", "updated_at" from "crm_orders" where ("crm_orders"."xero_invoice_id" = $1 and "crm_orders"."workspace_id" = $2)
params: b1d63cdf-fcee-4179-ac8b-f0d340b16948,0a9ea70d9774a1564b410073a4a47ba6
    at PostgresJsPreparedQuery.queryWithCache (C:\Users\Phil Waite\Documents\GitHub\wyshbone-ui\node_modules\src\pg-core\session.ts:73:11)
    at process.processTicksAndRejections (node:internal/process/task_queues:103:5)
    at async <anonymous> (C:\Users\Phil Waite\Documents\GitHub\wyshbone-ui\node_modules\src\postgres-js\session.ts:58:17)
    at async DbStorage.getOrderByXeroInvoiceId (C:\Users\Phil Waite\Documents\GitHub\wyshbone-ui\server\storage.ts:2243:21)
    at async importOrdersFromXero (C:\Users\Phil Waite\Documents\GitHub\wyshbone-ui\server\routes\xero-oauth.ts:1261:28)
[2026-01-07T23:21:58.789Z]    Invoice data: {"Type":"ACCREC","InvoiceID":"b1d63cdf-fcee-4179-ac8b-f0d340b16948","InvoiceNumber":"INV-0002","Reference":"","Payments":[],"CreditNotes":[],"Prepayments":[],"Overpayments":[],"AmountDue":1000,"AmountPaid":0,"AmountCredited":0,"SentToContact":true,"CurrencyRate":1,"IsDiscounted":false,"HasAttachments":false,"InvoiceAddresses":[],"HasErrors":false,"InvoicePaymentServices":[],"Contact":{"ContactID":"54e508c4-b16b-4f2a-b2fe-891a74c70352","Name":"Wantsum Brewery","Addresses":[],"Phones":[],"ContactG
[2026-01-07T23:21:58.807Z] ❌ FAILED to import invoice INV-0003 (3c14f349-be15-4dbd-b395-c92442e69165)
[2026-01-07T23:21:58.809Z]    Error message: Failed query: select "id", "workspace_id", "customer_id", "order_number", "order_date", "status", "delivery_date", "delivery_run_id", "currency", "subtotal_ex_vat", "discount_type", "discount_value", "discount_amount", "shipping_ex_vat", "shipping_vat_rate", "shipping_vat_amount", "vat_total", "total_inc_vat", "total_amount", "xero_invoice_id", "xero_invoice_number", "xero_exported_at", "last_xero_sync_at", "sync_status", "last_sync_error", "notes", "is_sample", "created_at", "updated_at" from "crm_orders" where ("crm_orders"."xero_invoice_id" = $1 and "crm_orders"."workspace_id" = $2)
params: 3c14f349-be15-4dbd-b395-c92442e69165,0a9ea70d9774a1564b410073a4a47ba6
[2026-01-07T23:21:58.810Z]    Stack: Error: Failed query: select "id", "workspace_id", "customer_id", "order_number", "order_date", "status", "delivery_date", "delivery_run_id", "currency", "subtotal_ex_vat", "discount_type", "discount_value", "discount_amount", "shipping_ex_vat", "shipping_vat_rate", "shipping_vat_amount", "vat_total", "total_inc_vat", "total_amount", "xero_invoice_id", "xero_invoice_number", "xero_exported_at", "last_xero_sync_at", "sync_status", "last_sync_error", "notes", "is_sample", "created_at", "updated_at" from "crm_orders" where ("crm_orders"."xero_invoice_id" = $1 and "crm_orders"."workspace_id" = $2)
params: 3c14f349-be15-4dbd-b395-c92442e69165,0a9ea70d9774a1564b410073a4a47ba6
    at PostgresJsPreparedQuery.queryWithCache (C:\Users\Phil Waite\Documents\GitHub\wyshbone-ui\node_modules\src\pg-core\session.ts:73:11)
    at process.processTicksAndRejections (node:internal/process/task_queues:103:5)
    at async <anonymous> (C:\Users\Phil Waite\Documents\GitHub\wyshbone-ui\node_modules\src\postgres-js\session.ts:58:17)
    at async DbStorage.getOrderByXeroInvoiceId (C:\Users\Phil Waite\Documents\GitHub\wyshbone-ui\server\storage.ts:2243:21)
    at async importOrdersFromXero (C:\Users\Phil Waite\Documents\GitHub\wyshbone-ui\server\routes\xero-oauth.ts:1261:28)
[2026-01-07T23:21:58.811Z]    Invoice data: {"Type":"ACCREC","InvoiceID":"3c14f349-be15-4dbd-b395-c92442e69165","InvoiceNumber":"INV-0003","Reference":"","Payments":[],"CreditNotes":[],"Prepayments":[],"Overpayments":[],"AmountDue":550,"AmountPaid":0,"AmountCredited":0,"SentToContact":true,"CurrencyRate":1,"IsDiscounted":false,"HasAttachments":false,"InvoiceAddresses":[],"HasErrors":false,"InvoicePaymentServices":[],"Contact":{"ContactID":"806a8713-8174-4d71-a98f-4d4b2243cd9e","Name":"Broadtown Brewery","Addresses":[],"Phones":[],"Contact
[2026-01-07T23:21:58.831Z] ❌ FAILED to import invoice INV-0004 (cbe537b9-be2c-4793-a6ff-5b1aebc33eaf)
[2026-01-07T23:21:58.832Z]    Error message: Failed query: select "id", "workspace_id", "customer_id", "order_number", "order_date", "status", "delivery_date", "delivery_run_id", "currency", "subtotal_ex_vat", "discount_type", "discount_value", "discount_amount", "shipping_ex_vat", "shipping_vat_rate", "shipping_vat_amount", "vat_total", "total_inc_vat", "total_amount", "xero_invoice_id", "xero_invoice_number", "xero_exported_at", "last_xero_sync_at", "sync_status", "last_sync_error", "notes", "is_sample", "created_at", "updated_at" from "crm_orders" where ("crm_orders"."xero_invoice_id" = $1 and "crm_orders"."workspace_id" = $2)
params: cbe537b9-be2c-4793-a6ff-5b1aebc33eaf,0a9ea70d9774a1564b410073a4a47ba6
[2026-01-07T23:21:58.833Z]    Stack: Error: Failed query: select "id", "workspace_id", "customer_id", "order_number", "order_date", "status", "delivery_date", "delivery_run_id", "currency", "subtotal_ex_vat", "discount_type", "discount_value", "discount_amount", "shipping_ex_vat", "shipping_vat_rate", "shipping_vat_amount", "vat_total", "total_inc_vat", "total_amount", "xero_invoice_id", "xero_invoice_number", "xero_exported_at", "last_xero_sync_at", "sync_status", "last_sync_error", "notes", "is_sample", "created_at", "updated_at" from "crm_orders" where ("crm_orders"."xero_invoice_id" = $1 and "crm_orders"."workspace_id" = $2)
params: cbe537b9-be2c-4793-a6ff-5b1aebc33eaf,0a9ea70d9774a1564b410073a4a47ba6
    at PostgresJsPreparedQuery.queryWithCache (C:\Users\Phil Waite\Documents\GitHub\wyshbone-ui\node_modules\src\pg-core\session.ts:73:11)
    at process.processTicksAndRejections (node:internal/process/task_queues:103:5)
    at async <anonymous> (C:\Users\Phil Waite\Documents\GitHub\wyshbone-ui\node_modules\src\postgres-js\session.ts:58:17)
    at async DbStorage.getOrderByXeroInvoiceId (C:\Users\Phil Waite\Documents\GitHub\wyshbone-ui\server\storage.ts:2243:21)
    at async importOrdersFromXero (C:\Users\Phil Waite\Documents\GitHub\wyshbone-ui\server\routes\xero-oauth.ts:1261:28)
[2026-01-07T23:21:58.835Z]    Invoice data: {"Type":"ACCREC","InvoiceID":"cbe537b9-be2c-4793-a6ff-5b1aebc33eaf","InvoiceNumber":"INV-0004","Reference":"","Payments":[],"CreditNotes":[],"Prepayments":[],"Overpayments":[],"AmountDue":1000,"AmountPaid":0,"AmountCredited":0,"CurrencyRate":1,"IsDiscounted":false,"HasAttachments":false,"InvoiceAddresses":[],"HasErrors":false,"InvoicePaymentServices":[],"Contact":{"ContactID":"54e508c4-b16b-4f2a-b2fe-891a74c70352","Name":"Wantsum Brewery","Addresses":[],"Phones":[],"ContactGroups":[],"ContactPer
[2026-01-07T23:21:58.853Z] ❌ FAILED to import invoice INV-0005 (708d1a48-24ed-489b-9a6a-c2f1cc027ba5)
[2026-01-07T23:21:58.854Z]    Error message: Failed query: select "id", "workspace_id", "customer_id", "order_number", "order_date", "status", "delivery_date", "delivery_run_id", "currency", "subtotal_ex_vat", "discount_type", "discount_value", "discount_amount", "shipping_ex_vat", "shipping_vat_rate", "shipping_vat_amount", "vat_total", "total_inc_vat", "total_amount", "xero_invoice_id", "xero_invoice_number", "xero_exported_at", "last_xero_sync_at", "sync_status", "last_sync_error", "notes", "is_sample", "created_at", "updated_at" from "crm_orders" where ("crm_orders"."xero_invoice_id" = $1 and "crm_orders"."workspace_id" = $2)
params: 708d1a48-24ed-489b-9a6a-c2f1cc027ba5,0a9ea70d9774a1564b410073a4a47ba6
[2026-01-07T23:21:58.858Z]    Stack: Error: Failed query: select "id", "workspace_id", "customer_id", "order_number", "order_date", "status", "delivery_date", "delivery_run_id", "currency", "subtotal_ex_vat", "discount_type", "discount_value", "discount_amount", "shipping_ex_vat", "shipping_vat_rate", "shipping_vat_amount", "vat_total", "total_inc_vat", "total_amount", "xero_invoice_id", "xero_invoice_number", "xero_exported_at", "last_xero_sync_at", "sync_status", "last_sync_error", "notes", "is_sample", "created_at", "updated_at" from "crm_orders" where ("crm_orders"."xero_invoice_id" = $1 and "crm_orders"."workspace_id" = $2)
params: 708d1a48-24ed-489b-9a6a-c2f1cc027ba5,0a9ea70d9774a1564b410073a4a47ba6
    at PostgresJsPreparedQuery.queryWithCache (C:\Users\Phil Waite\Documents\GitHub\wyshbone-ui\node_modules\src\pg-core\session.ts:73:11)
    at process.processTicksAndRejections (node:internal/process/task_queues:103:5)
    at async <anonymous> (C:\Users\Phil Waite\Documents\GitHub\wyshbone-ui\node_modules\src\postgres-js\session.ts:58:17)
    at async DbStorage.getOrderByXeroInvoiceId (C:\Users\Phil Waite\Documents\GitHub\wyshbone-ui\server\storage.ts:2243:21)
    at async importOrdersFromXero (C:\Users\Phil Waite\Documents\GitHub\wyshbone-ui\server\routes\xero-oauth.ts:1261:28)
[2026-01-07T23:21:58.859Z]    Invoice data: {"Type":"ACCREC","InvoiceID":"708d1a48-24ed-489b-9a6a-c2f1cc027ba5","InvoiceNumber":"INV-0005","Reference":"","Payments":[],"CreditNotes":[],"Prepayments":[],"Overpayments":[],"AmountDue":1000,"AmountPaid":0,"AmountCredited":0,"SentToContact":true,"CurrencyRate":1,"IsDiscounted":false,"HasAttachments":false,"InvoiceAddresses":[],"HasErrors":false,"InvoicePaymentServices":[],"Contact":{"ContactID":"54e508c4-b16b-4f2a-b2fe-891a74c70352","Name":"Wantsum Brewery","Addresses":[],"Phones":[],"ContactG
[2026-01-07T23:21:58.880Z] ❌ FAILED to import invoice INV-0006 (7192c184-5311-46eb-be86-b7e7881423c5)
[2026-01-07T23:21:58.881Z]    Error message: Failed query: select "id", "workspace_id", "customer_id", "order_number", "order_date", "status", "delivery_date", "delivery_run_id", "currency", "subtotal_ex_vat", "discount_type", "discount_value", "discount_amount", "shipping_ex_vat", "shipping_vat_rate", "shipping_vat_amount", "vat_total", "total_inc_vat", "total_amount", "xero_invoice_id", "xero_invoice_number", "xero_exported_at", "last_xero_sync_at", "sync_status", "last_sync_error", "notes", "is_sample", "created_at", "updated_at" from "crm_orders" where ("crm_orders"."xero_invoice_id" = $1 and "crm_orders"."workspace_id" = $2)
params: 7192c184-5311-46eb-be86-b7e7881423c5,0a9ea70d9774a1564b410073a4a47ba6
[2026-01-07T23:21:58.882Z]    Stack: Error: Failed query: select "id", "workspace_id", "customer_id", "order_number", "order_date", "status", "delivery_date", "delivery_run_id", "currency", "subtotal_ex_vat", "discount_type", "discount_value", "discount_amount", "shipping_ex_vat", "shipping_vat_rate", "shipping_vat_amount", "vat_total", "total_inc_vat", "total_amount", "xero_invoice_id", "xero_invoice_number", "xero_exported_at", "last_xero_sync_at", "sync_status", "last_sync_error", "notes", "is_sample", "created_at", "updated_at" from "crm_orders" where ("crm_orders"."xero_invoice_id" = $1 and "crm_orders"."workspace_id" = $2)
params: 7192c184-5311-46eb-be86-b7e7881423c5,0a9ea70d9774a1564b410073a4a47ba6
    at PostgresJsPreparedQuery.queryWithCache (C:\Users\Phil Waite\Documents\GitHub\wyshbone-ui\node_modules\src\pg-core\session.ts:73:11)
    at process.processTicksAndRejections (node:internal/process/task_queues:103:5)
    at async <anonymous> (C:\Users\Phil Waite\Documents\GitHub\wyshbone-ui\node_modules\src\postgres-js\session.ts:58:17)
    at async DbStorage.getOrderByXeroInvoiceId (C:\Users\Phil Waite\Documents\GitHub\wyshbone-ui\server\storage.ts:2243:21)
    at async importOrdersFromXero (C:\Users\Phil Waite\Documents\GitHub\wyshbone-ui\server\routes\xero-oauth.ts:1261:28)
[2026-01-07T23:21:58.883Z]    Invoice data: {"Type":"ACCREC","InvoiceID":"7192c184-5311-46eb-be86-b7e7881423c5","InvoiceNumber":"INV-0006","Reference":"","Payments":[],"CreditNotes":[],"Prepayments":[],"Overpayments":[],"AmountDue":250,"AmountPaid":0,"AmountCredited":0,"SentToContact":true,"CurrencyRate":1,"IsDiscounted":false,"HasAttachments":false,"InvoiceAddresses":[],"HasErrors":false,"InvoicePaymentServices":[],"Contact":{"ContactID":"54e508c4-b16b-4f2a-b2fe-891a74c70352","Name":"Wantsum Brewery","Addresses":[],"Phones":[],"ContactGr
[2026-01-07T23:21:58.902Z] ❌ FAILED to import invoice INV-0007 (413fe83d-0fd0-4748-b80f-d23aff1bd4df)
[2026-01-07T23:21:58.904Z]    Error message: Failed query: select "id", "workspace_id", "customer_id", "order_number", "order_date", "status", "delivery_date", "delivery_run_id", "currency", "subtotal_ex_vat", "discount_type", "discount_value", "discount_amount", "shipping_ex_vat", "shipping_vat_rate", "shipping_vat_amount", "vat_total", "total_inc_vat", "total_amount", "xero_invoice_id", "xero_invoice_number", "xero_exported_at", "last_xero_sync_at", "sync_status", "last_sync_error", "notes", "is_sample", "created_at", "updated_at" from "crm_orders" where ("crm_orders"."xero_invoice_id" = $1 and "crm_orders"."workspace_id" = $2)
params: 413fe83d-0fd0-4748-b80f-d23aff1bd4df,0a9ea70d9774a1564b410073a4a47ba6
[2026-01-07T23:21:58.908Z]    Stack: Error: Failed query: select "id", "workspace_id", "customer_id", "order_number", "order_date", "status", "delivery_date", "delivery_run_id", "currency", "subtotal_ex_vat", "discount_type", "discount_value", "discount_amount", "shipping_ex_vat", "shipping_vat_rate", "shipping_vat_amount", "vat_total", "total_inc_vat", "total_amount", "xero_invoice_id", "xero_invoice_number", "xero_exported_at", "last_xero_sync_at", "sync_status", "last_sync_error", "notes", "is_sample", "created_at", "updated_at" from "crm_orders" where ("crm_orders"."xero_invoice_id" = $1 and "crm_orders"."workspace_id" = $2)
params: 413fe83d-0fd0-4748-b80f-d23aff1bd4df,0a9ea70d9774a1564b410073a4a47ba6
    at PostgresJsPreparedQuery.queryWithCache (C:\Users\Phil Waite\Documents\GitHub\wyshbone-ui\node_modules\src\pg-core\session.ts:73:11)
    at process.processTicksAndRejections (node:internal/process/task_queues:103:5)
    at async <anonymous> (C:\Users\Phil Waite\Documents\GitHub\wyshbone-ui\node_modules\src\postgres-js\session.ts:58:17)
    at async DbStorage.getOrderByXeroInvoiceId (C:\Users\Phil Waite\Documents\GitHub\wyshbone-ui\server\storage.ts:2243:21)
    at async importOrdersFromXero (C:\Users\Phil Waite\Documents\GitHub\wyshbone-ui\server\routes\xero-oauth.ts:1261:28)
[2026-01-07T23:21:58.910Z]    Invoice data: {"Type":"ACCREC","InvoiceID":"413fe83d-0fd0-4748-b80f-d23aff1bd4df","InvoiceNumber":"INV-0007","Reference":"","Payments":[],"CreditNotes":[],"Prepayments":[],"Overpayments":[],"AmountDue":250,"AmountPaid":0,"AmountCredited":0,"SentToContact":true,"CurrencyRate":1,"IsDiscounted":false,"HasAttachments":false,"InvoiceAddresses":[],"HasErrors":false,"InvoicePaymentServices":[],"Contact":{"ContactID":"54e508c4-b16b-4f2a-b2fe-891a74c70352","Name":"Wantsum Brewery","Addresses":[],"Phones":[],"ContactGr
[2026-01-07T23:21:58.929Z] ❌ FAILED to import invoice INV-0009 (aa60b096-b0c1-4f2b-8ee2-65de4f37f918)
[2026-01-07T23:21:58.930Z]    Error message: Failed query: select "id", "workspace_id", "customer_id", "order_number", "order_date", "status", "delivery_date", "delivery_run_id", "currency", "subtotal_ex_vat", "discount_type", "discount_value", "discount_amount", "shipping_ex_vat", "shipping_vat_rate", "shipping_vat_amount", "vat_total", "total_inc_vat", "total_amount", "xero_invoice_id", "xero_invoice_number", "xero_exported_at", "last_xero_sync_at", "sync_status", "last_sync_error", "notes", "is_sample", "created_at", "updated_at" from "crm_orders" where ("crm_orders"."xero_invoice_id" = $1 and "crm_orders"."workspace_id" = $2)
params: aa60b096-b0c1-4f2b-8ee2-65de4f37f918,0a9ea70d9774a1564b410073a4a47ba6
[2026-01-07T23:21:58.931Z]    Stack: Error: Failed query: select "id", "workspace_id", "customer_id", "order_number", "order_date", "status", "delivery_date", "delivery_run_id", "currency", "subtotal_ex_vat", "discount_type", "discount_value", "discount_amount", "shipping_ex_vat", "shipping_vat_rate", "shipping_vat_amount", "vat_total", "total_inc_vat", "total_amount", "xero_invoice_id", "xero_invoice_number", "xero_exported_at", "last_xero_sync_at", "sync_status", "last_sync_error", "notes", "is_sample", "created_at", "updated_at" from "crm_orders" where ("crm_orders"."xero_invoice_id" = $1 and "crm_orders"."workspace_id" = $2)
params: aa60b096-b0c1-4f2b-8ee2-65de4f37f918,0a9ea70d9774a1564b410073a4a47ba6
    at PostgresJsPreparedQuery.queryWithCache (C:\Users\Phil Waite\Documents\GitHub\wyshbone-ui\node_modules\src\pg-core\session.ts:73:11)
    at process.processTicksAndRejections (node:internal/process/task_queues:103:5)
    at async <anonymous> (C:\Users\Phil Waite\Documents\GitHub\wyshbone-ui\node_modules\src\postgres-js\session.ts:58:17)
    at async DbStorage.getOrderByXeroInvoiceId (C:\Users\Phil Waite\Documents\GitHub\wyshbone-ui\server\storage.ts:2243:21)
    at async importOrdersFromXero (C:\Users\Phil Waite\Documents\GitHub\wyshbone-ui\server\routes\xero-oauth.ts:1261:28)
[2026-01-07T23:21:58.932Z]    Invoice data: {"Type":"ACCREC","InvoiceID":"aa60b096-b0c1-4f2b-8ee2-65de4f37f918","InvoiceNumber":"INV-0009","Reference":"","Payments":[],"CreditNotes":[],"Prepayments":[],"Overpayments":[],"AmountDue":250,"AmountPaid":0,"AmountCredited":0,"SentToContact":true,"CurrencyRate":1,"IsDiscounted":false,"HasAttachments":false,"InvoiceAddresses":[],"HasErrors":false,"InvoicePaymentServices":[],"Contact":{"ContactID":"54e508c4-b16b-4f2a-b2fe-891a74c70352","Name":"Wantsum Brewery","Addresses":[],"Phones":[],"ContactGr
[2026-01-07T23:21:58.950Z] ❌ FAILED to import invoice INV-0010 (4bba1c35-b1e0-47ed-8a84-eeb39b5f82c5)
[2026-01-07T23:21:58.952Z]    Error message: Failed query: select "id", "workspace_id", "customer_id", "order_number", "order_date", "status", "delivery_date", "delivery_run_id", "currency", "subtotal_ex_vat", "discount_type", "discount_value", "discount_amount", "shipping_ex_vat", "shipping_vat_rate", "shipping_vat_amount", "vat_total", "total_inc_vat", "total_amount", "xero_invoice_id", "xero_invoice_number", "xero_exported_at", "last_xero_sync_at", "sync_status", "last_sync_error", "notes", "is_sample", "created_at", "updated_at" from "crm_orders" where ("crm_orders"."xero_invoice_id" = $1 and "crm_orders"."workspace_id" = $2)
params: 4bba1c35-b1e0-47ed-8a84-eeb39b5f82c5,0a9ea70d9774a1564b410073a4a47ba6
[2026-01-07T23:21:58.953Z]    Stack: Error: Failed query: select "id", "workspace_id", "customer_id", "order_number", "order_date", "status", "delivery_date", "delivery_run_id", "currency", "subtotal_ex_vat", "discount_type", "discount_value", "discount_amount", "shipping_ex_vat", "shipping_vat_rate", "shipping_vat_amount", "vat_total", "total_inc_vat", "total_amount", "xero_invoice_id", "xero_invoice_number", "xero_exported_at", "last_xero_sync_at", "sync_status", "last_sync_error", "notes", "is_sample", "created_at", "updated_at" from "crm_orders" where ("crm_orders"."xero_invoice_id" = $1 and "crm_orders"."workspace_id" = $2)
params: 4bba1c35-b1e0-47ed-8a84-eeb39b5f82c5,0a9ea70d9774a1564b410073a4a47ba6
    at PostgresJsPreparedQuery.queryWithCache (C:\Users\Phil Waite\Documents\GitHub\wyshbone-ui\node_modules\src\pg-core\session.ts:73:11)
    at process.processTicksAndRejections (node:internal/process/task_queues:103:5)
    at async <anonymous> (C:\Users\Phil Waite\Documents\GitHub\wyshbone-ui\node_modules\src\postgres-js\session.ts:58:17)
    at async DbStorage.getOrderByXeroInvoiceId (C:\Users\Phil Waite\Documents\GitHub\wyshbone-ui\server\storage.ts:2243:21)
    at async importOrdersFromXero (C:\Users\Phil Waite\Documents\GitHub\wyshbone-ui\server\routes\xero-oauth.ts:1261:28)
[2026-01-07T23:21:58.955Z]    Invoice data: {"Type":"ACCREC","InvoiceID":"4bba1c35-b1e0-47ed-8a84-eeb39b5f82c5","InvoiceNumber":"INV-0010","Reference":"","Payments":[],"CreditNotes":[],"Prepayments":[],"Overpayments":[],"AmountDue":250,"AmountPaid":0,"AmountCredited":0,"SentToContact":true,"CurrencyRate":1,"IsDiscounted":false,"HasAttachments":false,"InvoiceAddresses":[],"HasErrors":false,"InvoicePaymentServices":[],"Contact":{"ContactID":"54e508c4-b16b-4f2a-b2fe-891a74c70352","Name":"Wantsum Brewery","Addresses":[],"Phones":[],"ContactGr
[2026-01-07T23:21:58.990Z] ✅ COMPLETED: 0 orders imported, 9 failed
[2026-01-07T23:21:58.991Z] ========== ORDER IMPORT FINISHED (Job 56) ==========

[2026-01-07T23:30:50.124Z] ========== ORDER IMPORT STARTED (Job 57) ==========
[2026-01-07T23:30:51.993Z] ✅ COMPLETED: 9 orders imported, 0 failed
[2026-01-07T23:30:51.995Z] ========== ORDER IMPORT FINISHED (Job 57) ==========

[2026-01-08T00:14:16.857Z] ========== ORDER IMPORT STARTED (Job 61) ==========
[2026-01-08T00:14:21.604Z] ✅ COMPLETED: 9 orders imported, 0 failed
[2026-01-08T00:14:21.606Z] ========== ORDER IMPORT FINISHED (Job 61) ==========

[2026-01-09T00:07:03.047Z] ========== ORDER IMPORT STARTED (Job 63) ==========
[2026-01-09T00:07:04.639Z] ✅ COMPLETED: 9 orders imported, 0 failed
[2026-01-09T00:07:04.640Z] ========== ORDER IMPORT FINISHED (Job 63) ==========

[2026-01-09T00:10:30.783Z] ========== ORDER IMPORT STARTED (Job 65) ==========
[2026-01-09T00:10:32.800Z] ✅ COMPLETED: 9 orders imported, 0 failed
[2026-01-09T00:10:32.801Z] ========== ORDER IMPORT FINISHED (Job 65) ==========

[2026-01-09T00:12:11.133Z] ========== ORDER IMPORT STARTED (Job 67) ==========
[2026-01-09T00:12:13.372Z] ✅ COMPLETED: 9 orders imported, 0 failed
[2026-01-09T00:12:13.373Z] ========== ORDER IMPORT FINISHED (Job 67) ==========

[2026-01-09T00:23:00.880Z] ========== ORDER IMPORT STARTED (Job 71) ==========
[2026-01-09T00:23:02.355Z] ✅ COMPLETED: 9 orders imported, 0 failed
[2026-01-09T00:23:02.356Z] ========== ORDER IMPORT FINISHED (Job 71) ==========

[2026-01-09T00:26:33.403Z] ========== ORDER IMPORT STARTED (Job 74) ==========
[2026-01-09T00:26:34.849Z] ✅ COMPLETED: 9 orders imported, 0 failed
[2026-01-09T00:26:34.850Z] ========== ORDER IMPORT FINISHED (Job 74) ==========

[2026-01-09T00:27:13.925Z] ========== ORDER IMPORT STARTED (Job 77) ==========
[2026-01-09T00:27:15.306Z] ✅ COMPLETED: 9 orders imported, 0 failed
[2026-01-09T00:27:15.307Z] ========== ORDER IMPORT FINISHED (Job 77) ==========

